2023-12-24 15:28:59,742:WARNING:C:\Users\huang\AppData\Roaming\Python\Python311\site-packages\seaborn\matrix.py:202: RuntimeWarning: All-NaN slice encountered
  vmin = np.nanmin(calc_data)

2023-12-24 15:28:59,742:WARNING:C:\Users\huang\AppData\Roaming\Python\Python311\site-packages\seaborn\matrix.py:207: RuntimeWarning: All-NaN slice encountered
  vmax = np.nanmax(calc_data)

2023-12-24 15:47:00,999:WARNING:C:\Users\huang\AppData\Local\Temp\ipykernel_8828\581079319.py:18: FutureWarning: The default dtype for empty Series will be 'object' instead of 'float64' in a future version. Specify a dtype explicitly to silence this warning.
  new_pval = pd.Series(index=remaining_features)

2023-12-24 15:47:01,087:WARNING:C:\Users\huang\AppData\Local\Temp\ipykernel_8828\581079319.py:18: FutureWarning: The default dtype for empty Series will be 'object' instead of 'float64' in a future version. Specify a dtype explicitly to silence this warning.
  new_pval = pd.Series(index=remaining_features)

2023-12-24 15:47:01,155:WARNING:C:\Users\huang\AppData\Local\Temp\ipykernel_8828\581079319.py:18: FutureWarning: The default dtype for empty Series will be 'object' instead of 'float64' in a future version. Specify a dtype explicitly to silence this warning.
  new_pval = pd.Series(index=remaining_features)

2023-12-24 15:47:01,236:WARNING:C:\Users\huang\AppData\Local\Temp\ipykernel_8828\581079319.py:18: FutureWarning: The default dtype for empty Series will be 'object' instead of 'float64' in a future version. Specify a dtype explicitly to silence this warning.
  new_pval = pd.Series(index=remaining_features)

2023-12-24 15:47:01,305:WARNING:C:\Users\huang\AppData\Local\Temp\ipykernel_8828\581079319.py:18: FutureWarning: The default dtype for empty Series will be 'object' instead of 'float64' in a future version. Specify a dtype explicitly to silence this warning.
  new_pval = pd.Series(index=remaining_features)

2023-12-24 15:47:01,389:WARNING:C:\Users\huang\AppData\Local\Temp\ipykernel_8828\581079319.py:18: FutureWarning: The default dtype for empty Series will be 'object' instead of 'float64' in a future version. Specify a dtype explicitly to silence this warning.
  new_pval = pd.Series(index=remaining_features)

2023-12-24 15:47:01,488:WARNING:C:\Users\huang\AppData\Local\Temp\ipykernel_8828\581079319.py:18: FutureWarning: The default dtype for empty Series will be 'object' instead of 'float64' in a future version. Specify a dtype explicitly to silence this warning.
  new_pval = pd.Series(index=remaining_features)

2023-12-24 15:47:01,574:WARNING:C:\Users\huang\AppData\Local\Temp\ipykernel_8828\581079319.py:18: FutureWarning: The default dtype for empty Series will be 'object' instead of 'float64' in a future version. Specify a dtype explicitly to silence this warning.
  new_pval = pd.Series(index=remaining_features)

2023-12-24 15:47:01,675:WARNING:C:\Users\huang\AppData\Local\Temp\ipykernel_8828\581079319.py:18: FutureWarning: The default dtype for empty Series will be 'object' instead of 'float64' in a future version. Specify a dtype explicitly to silence this warning.
  new_pval = pd.Series(index=remaining_features)

2023-12-24 15:47:01,805:WARNING:C:\Users\huang\AppData\Local\Temp\ipykernel_8828\581079319.py:18: FutureWarning: The default dtype for empty Series will be 'object' instead of 'float64' in a future version. Specify a dtype explicitly to silence this warning.
  new_pval = pd.Series(index=remaining_features)

2023-12-24 15:47:01,921:WARNING:C:\Users\huang\AppData\Local\Temp\ipykernel_8828\581079319.py:18: FutureWarning: The default dtype for empty Series will be 'object' instead of 'float64' in a future version. Specify a dtype explicitly to silence this warning.
  new_pval = pd.Series(index=remaining_features)

2023-12-24 15:47:02,041:WARNING:C:\Users\huang\AppData\Local\Temp\ipykernel_8828\581079319.py:18: FutureWarning: The default dtype for empty Series will be 'object' instead of 'float64' in a future version. Specify a dtype explicitly to silence this warning.
  new_pval = pd.Series(index=remaining_features)

2023-12-24 15:47:02,158:WARNING:C:\Users\huang\AppData\Local\Temp\ipykernel_8828\581079319.py:18: FutureWarning: The default dtype for empty Series will be 'object' instead of 'float64' in a future version. Specify a dtype explicitly to silence this warning.
  new_pval = pd.Series(index=remaining_features)

2023-12-24 15:47:02,292:WARNING:C:\Users\huang\AppData\Local\Temp\ipykernel_8828\581079319.py:18: FutureWarning: The default dtype for empty Series will be 'object' instead of 'float64' in a future version. Specify a dtype explicitly to silence this warning.
  new_pval = pd.Series(index=remaining_features)

2023-12-24 15:47:02,424:WARNING:C:\Users\huang\AppData\Local\Temp\ipykernel_8828\581079319.py:18: FutureWarning: The default dtype for empty Series will be 'object' instead of 'float64' in a future version. Specify a dtype explicitly to silence this warning.
  new_pval = pd.Series(index=remaining_features)

2023-12-24 15:47:02,572:WARNING:C:\Users\huang\AppData\Local\Temp\ipykernel_8828\581079319.py:18: FutureWarning: The default dtype for empty Series will be 'object' instead of 'float64' in a future version. Specify a dtype explicitly to silence this warning.
  new_pval = pd.Series(index=remaining_features)

2023-12-24 15:47:02,738:WARNING:C:\Users\huang\AppData\Local\Temp\ipykernel_8828\581079319.py:18: FutureWarning: The default dtype for empty Series will be 'object' instead of 'float64' in a future version. Specify a dtype explicitly to silence this warning.
  new_pval = pd.Series(index=remaining_features)

2023-12-24 15:47:02,891:WARNING:C:\Users\huang\AppData\Local\Temp\ipykernel_8828\581079319.py:18: FutureWarning: The default dtype for empty Series will be 'object' instead of 'float64' in a future version. Specify a dtype explicitly to silence this warning.
  new_pval = pd.Series(index=remaining_features)

2023-12-24 15:47:03,057:WARNING:C:\Users\huang\AppData\Local\Temp\ipykernel_8828\581079319.py:18: FutureWarning: The default dtype for empty Series will be 'object' instead of 'float64' in a future version. Specify a dtype explicitly to silence this warning.
  new_pval = pd.Series(index=remaining_features)

2023-12-24 15:47:03,241:WARNING:C:\Users\huang\AppData\Local\Temp\ipykernel_8828\581079319.py:18: FutureWarning: The default dtype for empty Series will be 'object' instead of 'float64' in a future version. Specify a dtype explicitly to silence this warning.
  new_pval = pd.Series(index=remaining_features)

2023-12-24 15:47:03,422:WARNING:C:\Users\huang\AppData\Local\Temp\ipykernel_8828\581079319.py:18: FutureWarning: The default dtype for empty Series will be 'object' instead of 'float64' in a future version. Specify a dtype explicitly to silence this warning.
  new_pval = pd.Series(index=remaining_features)

2023-12-24 15:47:03,588:WARNING:C:\Users\huang\AppData\Local\Temp\ipykernel_8828\581079319.py:18: FutureWarning: The default dtype for empty Series will be 'object' instead of 'float64' in a future version. Specify a dtype explicitly to silence this warning.
  new_pval = pd.Series(index=remaining_features)

2023-12-24 15:47:03,788:WARNING:C:\Users\huang\AppData\Local\Temp\ipykernel_8828\581079319.py:18: FutureWarning: The default dtype for empty Series will be 'object' instead of 'float64' in a future version. Specify a dtype explicitly to silence this warning.
  new_pval = pd.Series(index=remaining_features)

2023-12-24 15:47:03,972:WARNING:C:\Users\huang\AppData\Local\Temp\ipykernel_8828\581079319.py:18: FutureWarning: The default dtype for empty Series will be 'object' instead of 'float64' in a future version. Specify a dtype explicitly to silence this warning.
  new_pval = pd.Series(index=remaining_features)

2023-12-24 15:47:04,172:WARNING:C:\Users\huang\AppData\Local\Temp\ipykernel_8828\581079319.py:18: FutureWarning: The default dtype for empty Series will be 'object' instead of 'float64' in a future version. Specify a dtype explicitly to silence this warning.
  new_pval = pd.Series(index=remaining_features)

2023-12-24 15:47:04,355:WARNING:C:\Users\huang\AppData\Local\Temp\ipykernel_8828\581079319.py:18: FutureWarning: The default dtype for empty Series will be 'object' instead of 'float64' in a future version. Specify a dtype explicitly to silence this warning.
  new_pval = pd.Series(index=remaining_features)

2023-12-24 15:47:04,572:WARNING:C:\Users\huang\AppData\Local\Temp\ipykernel_8828\581079319.py:18: FutureWarning: The default dtype for empty Series will be 'object' instead of 'float64' in a future version. Specify a dtype explicitly to silence this warning.
  new_pval = pd.Series(index=remaining_features)

2023-12-24 15:47:04,772:WARNING:C:\Users\huang\AppData\Local\Temp\ipykernel_8828\581079319.py:18: FutureWarning: The default dtype for empty Series will be 'object' instead of 'float64' in a future version. Specify a dtype explicitly to silence this warning.
  new_pval = pd.Series(index=remaining_features)

2023-12-24 15:47:04,972:WARNING:C:\Users\huang\AppData\Local\Temp\ipykernel_8828\581079319.py:18: FutureWarning: The default dtype for empty Series will be 'object' instead of 'float64' in a future version. Specify a dtype explicitly to silence this warning.
  new_pval = pd.Series(index=remaining_features)

2023-12-24 15:47:05,172:WARNING:C:\Users\huang\AppData\Local\Temp\ipykernel_8828\581079319.py:18: FutureWarning: The default dtype for empty Series will be 'object' instead of 'float64' in a future version. Specify a dtype explicitly to silence this warning.
  new_pval = pd.Series(index=remaining_features)

2023-12-24 15:47:05,372:WARNING:C:\Users\huang\AppData\Local\Temp\ipykernel_8828\581079319.py:18: FutureWarning: The default dtype for empty Series will be 'object' instead of 'float64' in a future version. Specify a dtype explicitly to silence this warning.
  new_pval = pd.Series(index=remaining_features)

2023-12-24 15:47:05,574:WARNING:C:\Users\huang\AppData\Local\Temp\ipykernel_8828\581079319.py:18: FutureWarning: The default dtype for empty Series will be 'object' instead of 'float64' in a future version. Specify a dtype explicitly to silence this warning.
  new_pval = pd.Series(index=remaining_features)

2023-12-24 15:47:05,791:WARNING:C:\Users\huang\AppData\Local\Temp\ipykernel_8828\581079319.py:18: FutureWarning: The default dtype for empty Series will be 'object' instead of 'float64' in a future version. Specify a dtype explicitly to silence this warning.
  new_pval = pd.Series(index=remaining_features)

2023-12-24 15:47:05,989:WARNING:C:\Users\huang\AppData\Local\Temp\ipykernel_8828\581079319.py:18: FutureWarning: The default dtype for empty Series will be 'object' instead of 'float64' in a future version. Specify a dtype explicitly to silence this warning.
  new_pval = pd.Series(index=remaining_features)

2023-12-24 15:47:06,188:WARNING:C:\Users\huang\AppData\Local\Temp\ipykernel_8828\581079319.py:18: FutureWarning: The default dtype for empty Series will be 'object' instead of 'float64' in a future version. Specify a dtype explicitly to silence this warning.
  new_pval = pd.Series(index=remaining_features)

